<?xml version="1.0" encoding="UTF-8"?>
<!-- Generated by org.testng.reporters.JUnitReportReporter -->
<testsuite skipped="0" hostname="BetulAir.lan1" name="com.class04.ParameterExampleTwo" tests="2" failures="0" timestamp="07 Jun 2019 20:33:17 GMT" time="9.688" errors="0">
  <testcase name="UsernameTwo" time="4.482" classname="com.class04.ParameterExampleTwo"/>
  <testcase name="UsernameOne" time="5.206" classname="com.class04.ParameterExampleTwo"/>
</testsuite> <!-- com.class04.ParameterExampleTwo -->
