<?xml version="1.0" encoding="UTF-8"?>
<!-- Generated by org.testng.reporters.JUnitReportReporter -->
<testsuite skipped="0" hostname="BetulAir.attlocal.net" name="com.class04.TaskSmartBear" tests="3" failures="0" timestamp="12 Jun 2019 00:34:27 GMT" time="3.940" errors="0">
  <testcase name="Login" time="0.709" classname="com.class04.TaskSmartBear"/>
  <testcase name="WebOrder2" time="1.761" classname="com.class04.TaskSmartBear"/>
  <testcase name="WebOrder" time="1.470" classname="com.class04.TaskSmartBear"/>
</testsuite> <!-- com.class04.TaskSmartBear -->
