<?xml version="1.0" encoding="UTF-8"?>
<!-- Generated by org.testng.reporters.JUnitReportReporter -->
<testsuite skipped="0" hostname="BetulAir.attlocal.net" name="com.class02.SmartBearSoftwareExamples" tests="3" failures="0" timestamp="31 May 2019 01:04:47 GMT" time="0.664" errors="0">
  <testcase name="loginScreenTitle" time="0.013" classname="com.class02.SmartBearSoftwareExamples"/>
  <testcase name="login" time="0.608" classname="com.class02.SmartBearSoftwareExamples"/>
  <testcase name="webOrders" time="0.043" classname="com.class02.SmartBearSoftwareExamples"/>
</testsuite> <!-- com.class02.SmartBearSoftwareExamples -->
