<?xml version="1.0" encoding="UTF-8"?>
<!-- Generated by org.testng.reporters.JUnitReportReporter -->
<testsuite skipped="0" hostname="BetulAir.attlocal.net" name="com.class03.DepentsOnGroups" tests="3" failures="0" timestamp="06 Jun 2019 04:13:19 GMT" time="0.016" errors="0">
  <testcase name="three" time="0.010" classname="com.class03.DepentsOnGroups"/>
  <testcase name="two" time="0.004" classname="com.class03.DepentsOnGroups"/>
  <testcase name="one" time="0.002" classname="com.class03.DepentsOnGroups"/>
</testsuite> <!-- com.class03.DepentsOnGroups -->
