<?xml version="1.0" encoding="UTF-8"?>
<!-- Generated by org.testng.reporters.JUnitReportReporter -->
<testsuite skipped="0" hostname="BetulAir.attlocal.net" name="Homework.TaskOrangeHRM" tests="1" failures="0" timestamp="05 Jun 2019 19:56:08 GMT" time="39.736" errors="0">
  <testcase name="Login" time="39.736" classname="Homework.TaskOrangeHRM"/>
</testsuite> <!-- Homework.TaskOrangeHRM -->
