<?xml version="1.0" encoding="UTF-8"?>
<!-- Generated by org.testng.reporters.JUnitReportReporter -->
<testsuite skipped="0" hostname="BetulAir.attlocal.net" name="com.class02.Task" tests="1" failures="0" timestamp="04 Jun 2019 04:11:55 GMT" time="5.339" errors="0">
  <testcase name="Login" time="5.339" classname="com.class02.Task"/>
</testsuite> <!-- com.class02.Task -->
