<?xml version="1.0" encoding="UTF-8"?>
<!-- Generated by org.testng.reporters.JUnitReportReporter -->
<testsuite skipped="0" hostname="BetulAir.attlocal.net" name="com.test.Testttt" tests="3" failures="0" timestamp="29 May 2019 01:18:03 GMT" time="0.026" errors="0">
  <testcase name="M" time="0.018" classname="com.test.Testttt"/>
  <testcase name="b" time="0.004" classname="com.test.Testttt"/>
  <testcase name="a" time="0.004" classname="com.test.Testttt"/>
</testsuite> <!-- com.test.Testttt -->
