<?xml version="1.0" encoding="UTF-8"?>
<!-- Generated by org.testng.reporters.JUnitReportReporter -->
<testsuite skipped="0" hostname="BetulAir.attlocal.net" name="com.class04.Homework" tests="4" failures="0" timestamp="11 Jun 2019 20:27:37 GMT" time="4.474" errors="0">
  <testcase name="AddPerson" time="1.041" classname="com.class04.Homework"/>
  <testcase name="AddPerson" time="0.339" classname="com.class04.Homework"/>
  <testcase name="AddPerson" time="2.070" classname="com.class04.Homework"/>
  <testcase name="Login" time="1.024" classname="com.class04.Homework"/>
</testsuite> <!-- com.class04.Homework -->
