<?xml version="1.0" encoding="UTF-8"?>
<!-- Generated by org.testng.reporters.JUnitReportReporter -->
<testsuite skipped="0" hostname="BetulAir.attlocal.net" name="com.test.orangehrm" tests="1" failures="0" timestamp="29 May 2019 15:25:59 GMT" time="8.520" errors="0">
  <testcase name="login" time="8.520" classname="com.test.orangehrm"/>
</testsuite> <!-- com.test.orangehrm -->
