<?xml version="1.0" encoding="UTF-8"?>
<!-- Generated by org.testng.reporters.JUnitReportReporter -->
<testsuite skipped="0" hostname="BetulAir.attlocal.net" name="com.class04.NewTourExampleWithParameter" tests="1" failures="0" timestamp="08 Jun 2019 04:30:15 GMT" time="5.200" errors="0">
  <testcase name="userInformation" time="5.200" classname="com.class04.NewTourExampleWithParameter"/>
</testsuite> <!-- com.class04.NewTourExampleWithParameter -->
