<?xml version="1.0" encoding="UTF-8"?>
<!-- Generated by org.testng.reporters.JUnitReportReporter -->
<testsuite skipped="0" hostname="BetulAir.attlocal.net" name="com.class04.TaskSauceDemo" tests="2" failures="0" timestamp="07 Jun 2019 04:55:47 GMT" time="6.825" errors="0">
  <testcase name="UserName2" time="3.824" classname="com.class04.TaskSauceDemo"/>
  <testcase name="UserName1" time="3.001" classname="com.class04.TaskSauceDemo"/>
</testsuite> <!-- com.class04.TaskSauceDemo -->
