<?xml version="1.0" encoding="UTF-8"?>
<!-- Generated by org.testng.reporters.JUnitReportReporter -->
<testsuite skipped="0" hostname="BetulAir.attlocal.net" name="com.class03.MethodsExample" tests="3" failures="0" timestamp="06 Jun 2019 01:33:41 GMT" time="0.019" errors="0">
  <testcase name="onThree" time="0.004" classname="com.class03.MethodsExample"/>
  <testcase name="one" time="0.003" classname="com.class03.MethodsExample"/>
  <testcase name="Two" time="0.012" classname="com.class03.MethodsExample"/>
</testsuite> <!-- com.class03.MethodsExample -->
