<?xml version="1.0" encoding="UTF-8"?>
<!-- Generated by org.testng.reporters.JUnitReportReporter -->
<testsuite skipped="0" hostname="BetulAir.attlocal.net" name="com.class03.BasicXMLPartOne" tests="3" failures="0" timestamp="06 Jun 2019 02:03:20 GMT" time="0.016" errors="0">
  <testcase name="testOneFromBasic1" time="0.011" classname="com.class03.BasicXMLPartOne"/>
  <testcase name="testSecondFromBasic1" time="0.001" classname="com.class03.BasicXMLPartOne"/>
  <testcase name="testThirdFromBasic1" time="0.004" classname="com.class03.BasicXMLPartOne"/>
</testsuite> <!-- com.class03.BasicXMLPartOne -->
