<?xml version="1.0" encoding="UTF-8"?>
<!-- Generated by org.testng.reporters.JUnitReportReporter -->
<testsuite skipped="0" hostname="BetulAir.attlocal.net" name="com.test.TaskCanvas" tests="1" failures="0" timestamp="30 May 2019 23:21:21 GMT" time="14.898" errors="0">
  <testcase name="Login" time="14.898" classname="com.test.TaskCanvas"/>
</testsuite> <!-- com.test.TaskCanvas -->
