<?xml version="1.0" encoding="UTF-8"?>
<!-- Generated by org.testng.reporters.JUnitReportReporter -->
<testsuite skipped="0" hostname="BetulAir.attlocal.net" name="com.class04.ToolsQA" tests="4" failures="0" timestamp="08 Jun 2019 04:32:42 GMT" time="20.341" errors="0">
  <testcase name="getData" time="4.866" classname="com.class04.ToolsQA"/>
  <testcase name="getData" time="4.986" classname="com.class04.ToolsQA"/>
  <testcase name="getData" time="5.292" classname="com.class04.ToolsQA"/>
  <testcase name="getData" time="5.197" classname="com.class04.ToolsQA"/>
</testsuite> <!-- com.class04.ToolsQA -->
