<?xml version="1.0" encoding="UTF-8"?>
<!-- Generated by org.testng.reporters.JUnitReportReporter -->
<testsuite skipped="0" hostname="BetulAir.attlocal.net" name="MyPackage.DataProviderTask" tests="3" failures="0" timestamp="11 Jun 2019 20:10:11 GMT" time="0.047" errors="0">
  <testcase name="getObje" time="0.002" classname="MyPackage.DataProviderTask"/>
  <testcase name="getObje" time="0.043" classname="MyPackage.DataProviderTask"/>
  <testcase name="getObje" time="0.002" classname="MyPackage.DataProviderTask"/>
</testsuite> <!-- MyPackage.DataProviderTask -->
