<?xml version="1.0" encoding="UTF-8"?>
<!-- Generated by org.testng.reporters.JUnitReportReporter -->
<testsuite skipped="0" hostname="BetulAir.attlocal.net" name="com.class03.BasicXMLPartTwo" tests="3" failures="0" timestamp="06 Jun 2019 04:12:24 GMT" time="0.022" errors="0">
  <testcase name="testOneFromBasic2" time="0.018" classname="com.class03.BasicXMLPartTwo"/>
  <testcase name="testThirdFromBasic2" time="0.001" classname="com.class03.BasicXMLPartTwo"/>
  <testcase name="testSecondFromBasic2" time="0.003" classname="com.class03.BasicXMLPartTwo"/>
</testsuite> <!-- com.class03.BasicXMLPartTwo -->
