<?xml version="1.0" encoding="UTF-8"?>
<!-- Generated by org.testng.reporters.JUnitReportReporter -->
<testsuite skipped="0" hostname="BetulAir.attlocal.net" name="com.class03.GroupsExample" tests="1" failures="0" timestamp="12 Jun 2019 16:54:45 GMT" time="0.013" errors="0">
  <testcase name="onThree" time="0.013" classname="com.class03.GroupsExample"/>
</testsuite> <!-- com.class03.GroupsExample -->
