<?xml version="1.0" encoding="UTF-8"?>
<!-- Generated by org.testng.reporters.JUnitReportReporter -->
<testsuite skipped="0" hostname="BetulAir.attlocal.net" name="com.class03.TaskNewTours" tests="3" failures="0" timestamp="06 Jun 2019 23:49:17 GMT" time="11.492" errors="0">
  <testcase name="maılıngınfo" time="3.311" classname="com.class03.TaskNewTours"/>
  <testcase name="contactinfo" time="4.483" classname="com.class03.TaskNewTours"/>
  <testcase name="userInformation" time="3.698" classname="com.class03.TaskNewTours"/>
</testsuite> <!-- com.class03.TaskNewTours -->
