<?xml version="1.0" encoding="UTF-8"?>
<!-- Generated by org.testng.reporters.JUnitReportReporter -->
<testsuite skipped="0" hostname="BetulAir.attlocal.net" name="com.test.beforeAndAfterMethod" tests="2" failures="0" timestamp="29 May 2019 14:44:27 GMT" time="0.016" errors="0">
  <testcase name="testMethodOne" time="0.007" classname="com.test.beforeAndAfterMethod"/>
  <testcase name="testMethodTwo" time="0.009" classname="com.test.beforeAndAfterMethod"/>
</testsuite> <!-- com.test.beforeAndAfterMethod -->
