<?xml version="1.0" encoding="UTF-8"?>
<!-- Generated by org.testng.reporters.JUnitReportReporter -->
<testsuite skipped="0" hostname="BetulAir.attlocal.net" name="com.test.orangehrmExample" tests="1" failures="0" timestamp="30 May 2019 17:04:24 GMT" time="8.091" errors="0">
  <testcase name="login" time="8.091" classname="com.test.orangehrmExample"/>
</testsuite> <!-- com.test.orangehrmExample -->
