<?xml version="1.0" encoding="UTF-8"?>
<!-- Generated by org.testng.reporters.JUnitReportReporter -->
<testsuite skipped="0" hostname="BetulAir.lan1" name="com.class04.DataProviderTest" tests="3" failures="0" timestamp="07 Jun 2019 18:28:39 GMT" time="0.031" errors="0">
  <testcase name="getData" time="0.006" classname="com.class04.DataProviderTest"/>
  <testcase name="getData" time="0.017" classname="com.class04.DataProviderTest"/>
  <testcase name="getData" time="0.008" classname="com.class04.DataProviderTest"/>
</testsuite> <!-- com.class04.DataProviderTest -->
